加载数据...
======================================================================
第一部分：数据加载与清洗
======================================================================

[1/8] 加载财务数据...
  70559 行
[2/8] 加载公司治理数据...
  63689 行
[3/8] 加载负债数据...
  66136 行
[4/8] 加载薪酬数据...
  62882 行
[5/8] 加载企业性质与所在地数据...
  67732 行
[6/8] 加载股东数据...
  64505 行
[7/8] 加载总经理任期数据...
  59179 行 (筛选总经理后)
[8/8] 加载政府补助数据...
  55563 行 (按公司-年汇总后)

合并数据...
  + 治理: 70559 → 70559 行
  + 负债: 70559 → 70559 行
  + 薪酬: 70559 → 70559 行
  + 所在地: 70559 → 70559 行
  + 股东: 70559 → 70559 行
  + 任期: 70559 → 70559 行
  + 补助: 70559 → 70559 行
  特殊处理简称标签样本（按简称识别）: 6169 行

合并后总行数: 70559

======================================================================
第二部分：变量构造
======================================================================

1. 构造 lnCEOpay = ln(高管前三名薪酬总和)
   高管薪酬非正值（lnCEOpay 置缺失）: 104
2. 构造政府补助对数变量...
   零补助样本数: 15729
   负补助样本数（基准口径按0处理）: 17
3. 构造控制变量...
   营业收入非正值（lnSale 置缺失）: 21
4. 构造区域变量 Zone 与 Province...
   Zone 无法识别的样本数: 3261
   Province 无法识别的样本数: 3261
5. 构造行业分类变量 IndustrySector...
   行业大类分布:
IndustrySector
C    45185
I     4576
F     3509
K     2624
D     2185
G     2084
E     1597
J     1417
B     1358
S     1106
A     1039
N      914
L      883
M      818
R      711
H      245
Q      141
O       89
P       78
   管制行业样本占比: 15.76%
6. 构造管理层权力各分指标...
   Dual: 原始编码为0/1，直接使用
   Dual 分布: {0.0: 44510, 1.0: 17435, nan: 8614}
7. 构造企业性质分类...
   企业性质分布:
OwnerType
非国有    37721
国有     29240
NaN     3598
   私营企业样本量: 32449
8. 构造央企/地方国企分组...
   央地分组（仅国有内识别）:
SOELevel
NaN     52833
地方国企    12379
央企       5347
9. 构造滞后变量与工具变量...

变量构造完成。当前列: ['Symbol', 'Year', 'IndustryCode1', 'IndustryName1', 'TotalAssets', 'IntangibleAsset', 'NetProfit', 'Revenue', 'GovShortName', 'ConcurrentPosition', 'Mngmhldn', 'Boardsize', 'IndDirectorRatio', 'TotalLiability', 'Top3Salary', 'Ownership', 'City', 'ADDRESS_REGISTER', 'ADDRESS_OFFICE', 'HolderShortName', 'LargestHolderRate', 'ActualControllerNatureID', 'TenureYears', 'SubsidyAmount', 'SubsidyShortName', 'ShortName', 'IsSpecialTreatment', 'lnCEOpay', 'lnSubsidy', 'lnSubsidy_pos', 'lnSubsidy1p', 'Roa', 'lnSale', 'IA', 'Lever', 'Top1', 'Zone', 'Province', 'IndustrySector', 'Industry', 'RegulatedIndustry', 'Dual', 'Insider', 'Mgshder', 'Tenure', 'OwnerType', 'IsSOE', 'IsPrivate', 'ControllerCode', 'IsCentralSOE', 'SOELevel', 'SubsidyAmount_l1', 'lnSubsidy_l1', 'lnSubsidy_pos_l1', 'lnSubsidy_f1', 'lnSubsidy_f2', 'IV_city_year', 'IV_industry_year', 'IV_city_industry_year', 'IV_province_year', 'IV_industry_excl_province', 'IV_province_industry_excl_city', 'IV_city_year_l1', 'IV_industry_year_l1', 'IV_city_industry_year_l1', 'IV_province_year_l1', 'IV_industry_excl_province_l1', 'IV_province_industry_excl_city_l1', 'IV_lnSubsidy', 'IV_lnSubsidy_l1', 'IV_bartik_ind_growth_l1', 'SS_exp_pi_mean0406', 'SS_exp_pi_pos0406', 'SS_exp_firm_first3', 'SS_nat_excl_prov_ind_growth', 'IV_SS_exp_pi_mean0406_x_growth', 'IV_SS_exp_pi_mean0406_x_growth_l1', 'IV_SS_exp_pi_pos0406_x_growth', 'IV_SS_exp_pi_pos0406_x_growth_l1', 'IV_SS_exp_firm_first3_x_growth', 'IV_SS_exp_firm_first3_x_growth_l1', 'IV_city_posshare', 'IV_province_posshare', 'IV_industry_posshare', 'IV_city_posshare_l1', 'IV_province_posshare_l1', 'IV_industry_posshare_l1']

======================================================================
第三部分：样本筛选与描述性统计
======================================================================

筛选前总样本: 70559 行
剔除金融行业后: 69142 行
剔除 ST/*ST/PT/退市整理期样本后: 63011 行（剔除 6131 行、972 家公司）
剔除关键变量缺失后: 52980 行

对除薪酬外的连续变量进行 1%-99% Winsorize 缩尾处理...

--------------------------------------------------
表1 主要变量描述性统计
--------------------------------------------------
                             变量     N         Mean       Median          Std           Min          Max
                      高管前三名薪酬总额 52980 2.635772e+06 1.915200e+06 3.048509e+06  1.000000e+04 1.175087e+08
                           政府补助 52980 4.997283e+07 1.089634e+07 4.326491e+08 -6.328176e+07 8.413200e+10
财政补贴强度(lnSubsidy=ln(1+Subsidy)) 52980 1.465898e+01 1.620394e+01 5.250329e+00  0.000000e+00 2.030152e+01
                      高管前三名薪酬对数 52980 1.443409e+01 1.446533e+01 8.354490e-01  9.210340e+00 1.858202e+01
                   企业规模(lnSale) 52972 2.145792e+01 2.130148e+01 1.452103e+00  1.838289e+01 2.566034e+01
                     无形资产占比(IA) 52813 4.443402e-02 3.099427e-02 5.073342e-02  0.000000e+00 3.227180e-01
                        业绩(Roa) 52980 3.514434e-02 3.628778e-02 6.151184e-02 -2.339579e-01 1.936044e-01
                           财务杠杆 52980 4.226925e-01 4.166556e-01 2.061643e-01  5.167479e-02 8.946713e-01
                      第一大股东持股比例 52980 3.452752e+01 3.227000e+01 1.501524e+01  8.480000e+00 7.430000e+01
                地区(Zone, 中西部=1) 52980 2.925066e-01 0.000000e+00 4.549180e-01  0.000000e+00 1.000000e+00

样本企业性质分布:
OwnerType
非国有    31996
国有     20709
Name: count, dtype: int64

年度分布:
Year
2003      53
2004      29
2005    1231
2006    1233
2007    1249
2008    1331
2009    1401
2010    1699
2011    1956
2012    2124
2013    2165
2014    2279
2015    2451
2016    2636
2017    3047
2018    3122
2019    3309
2020    3622
2021    4118
2022    4474
2023    4696
2024    4755
Name: count, dtype: int64

--------------------------------------------------
相关性矩阵（皮尔逊相关系数）
--------------------------------------------------
           lnSubsidy  lnSale     Roa      IA   Lever    Top1    Zone
lnSubsidy     1.0000  0.2164  0.0786  0.0265 -0.0478 -0.0326 -0.0478
lnSale        0.2164  1.0000  0.1040  0.0084  0.4563  0.1820  0.0006
Roa           0.0786  0.1040  1.0000 -0.0455 -0.3683  0.1516 -0.0315
IA            0.0265  0.0084 -0.0455  1.0000  0.0342  0.0084  0.0877
Lever        -0.0478  0.4563 -0.3683  0.0342  1.0000  0.0389  0.0889
Top1         -0.0326  0.1820  0.1516  0.0084  0.0389  1.0000  0.0129
Zone         -0.0478  0.0006 -0.0315  0.0877  0.0889  0.0129  1.0000

--------------------------------------------------
方差膨胀因子（VIF）检验
--------------------------------------------------
       变量      VIF
lnSubsidy 1.090297
   lnSale 1.558788
      Roa 1.320896
       IA 1.011166
    Lever 1.677430
     Top1 1.061509
     Zone 1.019165
最大VIF = 1.6774，均值 = 1.2485

======================================================================
第四部分：期望薪酬模型与超额薪酬 (Overpay)
======================================================================

模型1 样本量: 52805
核心自变量: ['lnSale', 'Roa', 'IA', 'Zone']
行业虚拟变量: 17 个
年份虚拟变量: 21 个

--------------------------------------------------
模型1 回归结果 (期望薪酬模型) — 仅展示核心变量
--------------------------------------------------
           Coef.  Std.Err.           t         P>|t|    [0.025    0.975]
const   7.878023  0.091201   86.380423  0.000000e+00  7.699268  8.056779
lnSale  0.197862  0.001858  106.497894  0.000000e+00  0.194221  0.201504
Roa     1.915565  0.042561   45.007311  0.000000e+00  1.832144  1.998985
IA     -0.330119  0.053811   -6.134819  8.586025e-10 -0.435589 -0.224650
Zone   -0.226839  0.005714  -39.696617  0.000000e+00 -0.238039 -0.215639
行业固定效应: 已控制 (17 个行业虚拟变量)
年份固定效应: 已控制 (21 个年份虚拟变量)

R² = 0.5117, Adj-R² = 0.5113

Overpay 直接使用模型1残差，不再进行二次缩尾。

超额薪酬 (Overpay) 描述:
count    5.280500e+04
mean    -1.817041e-14
std      5.840442e-01
min     -3.396163e+00
25%     -3.649342e-01
50%     -1.471015e-02
75%      3.536320e-01
max      3.759080e+00

======================================================================
第五部分：管理层权力综合指标（FA经验性综合口径，PCA为对照）
======================================================================
  Dual: 缺失 1246 (2.4%)
  Boardsize: 缺失 0 (0.0%)
  Insider: 缺失 2 (0.0%)
  Mgshder: 缺失 1642 (3.1%)

可用于 Power 构造的样本量: 50171

  共同适用性检验: KMO = 0.5733
    KMO[Dual      ] = 0.6562
    KMO[Boardsize ] = 0.5559
    KMO[Insider   ] = 0.5424
    KMO[Mgshder   ] = 0.6146
  Bartlett 球形检验: Chi² = 20744.2366, df = 6, p = <0.001

  PCA 前两主成分方差贡献率 = 0.4310 + 0.2586
  PCA 前两主成分累计方差贡献率 = 0.6896
  解释：PCA 对照口径使用前两个主成分加权形成综合得分，以避免单一主成分代表性不足。

  FA 前两因子累计方差解释率 = 0.3964
  FA 平均共同度 = 0.3964
  解释：FA 以前两个经 varimax 旋转的公因子按载荷平方和占比合成为经验性综合口径，仍需结合较低 KMO 审慎解读。

Power（FA口径）描述:
count    5.017100e+04
mean    -2.719184e-17
std      1.000010e+00
min     -6.399172e+00
25%     -6.130082e-01
50%      3.857327e-02
75%      5.395733e-01
max      4.854764e+00

======================================================================
数据准备：构建特征矩阵
======================================================================
  可用样本量: 45286
  特征数量: 14
  超额薪酬为正样本: 22350
  超额薪酬为负样本: 22936
  正类比例: 49.3530%
  判断：类别分布基本均衡，不采用 SMOTE；holdout 采用 GroupShuffleSplit 按公司分组随机划分，并在分类模型中比较 class_weight/scale_pos_weight。
  GroupShuffleSplit: 训练集 36392 条（4051 家公司），测试集 8894 条（1013 家公司）

######################################################################
#  机器学习补充分析开始
######################################################################

======================================================================
OLS 基准模型
======================================================================
  测试集 R² = 0.0180
  5-fold CV R² = 0.0246 ± 0.0045

======================================================================
第一部分：Lasso 回归 — 变量筛选与正则化
======================================================================
  最优 alpha = 0.002270
  测试集 R² = 0.0177
  5-fold CV R² = 0.0248 ± 0.0045
  保留变量数 = 13

======================================================================
第二部分：随机森林 — 回归预测与分类识别
======================================================================
  随机森林回归测试集 R² = 0.0886
  随机森林回归 5-fold CV R² = 0.0811 ± 0.0053
  随机森林分类 Accuracy = 0.5760
  随机森林分类 F1 = 0.5718
  随机森林分类 5-fold CV ROC_AUC = 0.6204 ± 0.0105

======================================================================
第三部分：XGBoost 回归 + SHAP 可解释性
======================================================================
  XGBoost 测试集 R² = 0.0947
  XGBoost 5-fold CV R² = 0.0937 ± 0.0086

======================================================================
第四部分：分类模型对比
======================================================================
  Logit -> Accuracy=0.5364, F1=0.5507, ROC_AUC=0.5518, 5-fold CV ROC_AUC=0.5705 ± 0.0095
  XGBoostClassifier -> Accuracy=0.5857, F1=0.5858, ROC_AUC=0.6250, 5-fold CV ROC_AUC=0.6309 ± 0.0085
  DecisionTree -> Accuracy=0.5302, F1=0.5589, ROC_AUC=0.5543, 5-fold CV ROC_AUC=0.5671 ± 0.0043

======================================================================
第五部分：决策树可视化
======================================================================
  决策树规则（前 20 行）:
    |--- Top1 <= 29.78
    |   |--- lnSubsidy <= 17.96
    |   |   |--- Lever <= 0.18
    |   |   |   |--- class: 1
    |   |   |--- Lever >  0.18
    |   |   |   |--- class: 1
    |   |--- lnSubsidy >  17.96
    |   |   |--- Dual <= 0.50
    |   |   |   |--- class: 1
    |   |   |--- Dual >  0.50
    |   |   |   |--- class: 1
    |--- Top1 >  29.78
    |   |--- Roa <= 0.03
    |   |   |--- Mgshder <= 0.02
    |   |   |   |--- class: 0
    |   |   |--- Mgshder >  0.02
    |   |   |   |--- class: 0
    |   |--- Roa >  0.03
    |   |   |--- lnSubsidy <= 16.72
    |   |   |   |--- class: 0

======================================================================
第六部分：K-Means 聚类 — 企业画像分析
======================================================================
  K=2: 轮廓系数=0.1863, 惯性=224094
  K=3: 轮廓系数=0.2135, 惯性=186152
  K=4: 轮廓系数=0.1892, 惯性=166121
  K=5: 轮廓系数=0.1892, 惯性=152046
  K=6: 轮廓系数=0.1707, 惯性=140067
  K=7: 轮廓系数=0.1729, 惯性=130027
  最优 K = 3

======================================================================
第七部分：回归模型性能对比
======================================================================
          模型   任务  测试集R²   RMSE    MAE  5折CV R²均值  5折CV R²标准差                                调参方式                                                                                                                         最优参数摘要
         OLS 回归预测 0.0180 0.5656 0.4342     0.0246      0.0045                           无调参（线性基准）                                                                                                                              无
       Lasso 回归预测 0.0177 0.5657 0.4338     0.0248      0.0045       自定义alpha网格搜索(内外层均为GroupKFold)     {"alpha": 0.0022695105366946685, "alpha_search_cv_mean": 0.02483291254061859, "alpha_search_cv_std": 0.004523355583270864}
RandomForest 回归预测 0.0886 0.5449 0.4187     0.0811      0.0053  RandomizedSearchCV(n_iter=8, cv=5)                                         {"max_depth": 10, "max_features": "sqrt", "min_samples_leaf": 10, "n_estimators": 300}
     XGBoost 回归预测 0.0947 0.5430 0.4181     0.0937      0.0086 RandomizedSearchCV(n_iter=10, cv=5) {"colsample_bytree": 0.8, "learning_rate": 0.05, "max_depth": 4, "min_child_weight": 5, "n_estimators": 300, "subsample": 0.8}

======================================================================
机器学习补充分析完成
======================================================================
已生成：model_comparison.csv、classification_comparison.csv、lasso_alpha_search.csv、ml_tuning_summary.json、ml_summary.json 及 fig1-fig8 图表。
